Aligning contigs to reference...
	Aligning contigs to the reference
Filtering alignments...
Parsing coords...
Loading reference...
	Loaded [gi_48994873_gb_U00096.2_]
	Total Regions: 1
	Total Region Length: 4639675
Analyzing contigs...
CONTIG: contig_1 (99993bp)
Best alignment score: 99193.5 (LEN: 99482, IDY: 99.71), Total number of alignments: 1
		One align captures most of this contig: 4309345 4408750 | 99985 504 | 99406 99482 | 99.71 | gi_48994873_gb_U00096.2_ contig_1

CONTIG: contig_10 (253416bp)
Best alignment score: 110755.6 (LEN: 110811, IDY: 99.95), Total number of alignments: 4
			Looking for the best set of alignments (out of 4 total alignments)
		This contig has several significant sets of alignments. [An ambiguously mapped contig]
		Using only the very best set (option --ambiguity-usage is set to "one").
			The best set is below. Score: 251759.5, number of alignments: 4, unaligned bases: 978
		This contig is misassembled.
		This contig is partially unaligned. (Aligned 252438 out of 253416 non-N bases (99.61%))
			Real Alignment 1: 1208826 1280652 | 72796 979 | 71827 71818 | 99.94 | gi_48994873_gb_U00096.2_ contig_10
			  Extensive misassembly (inversion) between these two alignments
			Real Alignment 2: 1207029 1208825 | 72797 74593 | 1797 1797 | 100.0 | gi_48994873_gb_U00096.2_ contig_10
			  Extensive misassembly (inversion) between these two alignments
			Excluding internal overlap of size 441 between Alignment 3 and 4: 1028334 1096806 | 253416 184964 | 68473 68453 --> 1028334 1096364 | 253416 185405 | 68031 68012
			Real Alignment 3: 1096184 1207028 | 185404 74594 | 110845 110811 | 99.95 | gi_48994873_gb_U00096.2_ contig_10
			  Overlap between these two alignments (local misassembly). Inconsistency = -181
			Real Alignment 4: 1028334 1096364 | 253416 185405 | 68031 68012 | 99.95 | gi_48994873_gb_U00096.2_ contig_10
		Unaligned bases: 978

CONTIG: contig_11 (44691bp)
Best alignment score: 40812.2 (LEN: 40849, IDY: 99.91), Total number of alignments: 5
			Looking for the best set of alignments (out of 5 total alignments)
			Skipping redundant alignments after choosing the best set of alignments
		Skipping redundant alignment 415148 415212 | 261 197 | 65 65 | 100.0 | gi_48994873_gb_U00096.2_ contig_11
		Skipping redundant alignment 414758 414835 | 658 581 | 78 78 | 100.0 | gi_48994873_gb_U00096.2_ contig_11
		Skipping redundant alignment 414664 414730 | 749 683 | 67 67 | 100.0 | gi_48994873_gb_U00096.2_ contig_11
		This contig has several significant sets of alignments. [An ambiguously mapped contig]
		Using only the very best set (option --ambiguity-usage is set to "one").
			The best set is below. Score: 42483.4, number of alignments: 2, unaligned bases: 1861
		This contig is misassembled.
		This contig is partially unaligned. (Aligned 42830 out of 44691 non-N bases (95.84%))
			Real Alignment 1: 2472565 2474525 | 1684 3664 | 1961 1981 | 97.0 | gi_48994873_gb_U00096.2_ contig_11
			  Extensive misassembly (relocation, inconsistency = 2058589) between these two alignments
			Real Alignment 2: 372923 413797 | 44691 3843 | 40875 40849 | 99.91 | gi_48994873_gb_U00096.2_ contig_11
		Unaligned bases: 1861

CONTIG: contig_12 (5623bp)
Best alignment score: 5604.1 (LEN: 5617, IDY: 99.77), Total number of alignments: 1
		One align captures most of this contig: 60264 65882 | 1 5617 | 5619 5617 | 99.77 | gi_48994873_gb_U00096.2_ contig_12

CONTIG: contig_13 (90768bp)
Best alignment score: 89202.5 (LEN: 89265, IDY: 99.93), Total number of alignments: 1
			Looking for the best set of alignments (out of 1 total alignments)
			The best set is below. Score: 89202.5, number of alignments: 1, unaligned bases: 1503
		This contig is partially unaligned. (Aligned 89265 out of 90768 non-N bases (98.34%))
		Alignment: 413871 503162 | 1 89265 | 89292 89265 | 99.93 | gi_48994873_gb_U00096.2_ contig_13
		Unaligned bases: 89266 to 90768 (1503)

CONTIG: contig_14 (28887bp)
Best alignment score: 28817.7 (LEN: 28887, IDY: 99.76), Total number of alignments: 1
		One align captures most of this contig: 2672885 2701738 | 1 28887 | 28854 28887 | 99.76 | gi_48994873_gb_U00096.2_ contig_14

CONTIG: contig_15 (17319bp)
Best alignment score: 17296.5 (LEN: 17319, IDY: 99.87), Total number of alignments: 1
		One align captures most of this contig: 4405163 4422485 | 17319 1 | 17323 17319 | 99.87 | gi_48994873_gb_U00096.2_ contig_15

CONTIG: contig_16 (187853bp)
Best alignment score: 182256.8 (LEN: 182348, IDY: 99.95), Total number of alignments: 2
			Looking for the best set of alignments (out of 2 total alignments)
		This contig has several significant sets of alignments. [An ambiguously mapped contig]
		Using only the very best set (option --ambiguity-usage is set to "one").
			The best set is below. Score: 183242.2, number of alignments: 2, unaligned bases: 4465
		This contig is misassembled.
		This contig is partially unaligned. (Aligned 183388 out of 187853 non-N bases (97.62%))
			Real Alignment 1: 4422564 4604959 | 184871 2524 | 182396 182348 | 99.95 | gi_48994873_gb_U00096.2_ contig_16
			  Gap between these two alignments (local misassembly). Inconsistency = -639
			Real Alignment 2: 4420262 4421305 | 187808 186769 | 1044 1040 | 97.06 | gi_48994873_gb_U00096.2_ contig_16
		Unaligned bases: 4465

CONTIG: contig_17 (113597bp)
Best alignment score: 113448.3 (LEN: 113596, IDY: 99.87), Total number of alignments: 1
		One align captures most of this contig: 3426931 3540515 | 113597 2 | 113585 113596 | 99.87 | gi_48994873_gb_U00096.2_ contig_17

CONTIG: contig_18 (303962bp)
Best alignment score: 302445.4 (LEN: 302627, IDY: 99.94), Total number of alignments: 1
		One align captures most of this contig: 2363216 2665940 | 1336 303962 | 302725 302627 | 99.94 | gi_48994873_gb_U00096.2_ contig_18

CONTIG: contig_19 (155419bp)
Best alignment score: 151763.9 (LEN: 151855, IDY: 99.94), Total number of alignments: 3
			Looking for the best set of alignments (out of 3 total alignments)
		This contig has several significant sets of alignments. [An ambiguously mapped contig]
		Using only the very best set (option --ambiguity-usage is set to "one").
			The best set is below. Score: 154188.2, number of alignments: 3, unaligned bases: 828
		This contig is misassembled.
		This contig is partially unaligned. (Aligned 154591 out of 155419 non-N bases (99.47%))
			Real Alignment 1: 217183 217498 | 363 45 | 316 319 | 96.89 | gi_48994873_gb_U00096.2_ contig_19
			  Gap between these two alignments (local misassembly). Inconsistency = 286
			Real Alignment 2: 64434 216337 | 152777 923 | 151904 151855 | 99.94 | gi_48994873_gb_U00096.2_ contig_19
			  Extensive misassembly (relocation, inconsistency = 4274135) between these two alignments
			Real Alignment 3: 4490485 4492886 | 152790 155206 | 2402 2417 | 98.89 | gi_48994873_gb_U00096.2_ contig_19
		Unaligned bases: 828

CONTIG: contig_2 (627349bp)
Best alignment score: 624959.6 (LEN: 625460, IDY: 99.92), Total number of alignments: 1
		One align captures most of this contig: 3539232 4164800 | 1890 627349 | 625569 625460 | 99.92 | gi_48994873_gb_U00096.2_ contig_2

CONTIG: contig_21 (410980bp)
Best alignment score: 410728.5 (LEN: 410934, IDY: 99.95), Total number of alignments: 1
		One align captures most of this contig: 2729325 3140380 | 1 410934 | 411056 410934 | 99.95 | gi_48994873_gb_U00096.2_ contig_21

CONTIG: contig_22 (96325bp)
Best alignment score: 93253.7 (LEN: 93319, IDY: 99.93), Total number of alignments: 2
			Looking for the best set of alignments (out of 2 total alignments)
		This contig has several significant sets of alignments. [An ambiguously mapped contig]
		Using only the very best set (option --ambiguity-usage is set to "one").
			The best set is below. Score: 93629.7, number of alignments: 2, unaligned bases: 2604
		This contig is misassembled.
		This contig is partially unaligned. (Aligned 93721 out of 96325 non-N bases (97.30%))
			Real Alignment 1: 1021049 1021450 | 1548 1147 | 402 402 | 99.5 | gi_48994873_gb_U00096.2_ contig_22
			  Gap between these two alignments (local misassembly). Inconsistency = -504
			Real Alignment 2: 926747 1020094 | 96325 3007 | 93348 93319 | 99.93 | gi_48994873_gb_U00096.2_ contig_22
		Unaligned bases: 2604

CONTIG: contig_23 (272288bp)
Best alignment score: 191836.0 (LEN: 191932, IDY: 99.95), Total number of alignments: 8
			Looking for the best set of alignments (out of 8 total alignments)
			Skipping redundant alignments after choosing the best set of alignments
		Skipping redundant alignment 19796 20563 | 78177 77410 | 768 768 | 100.0 | gi_48994873_gb_U00096.2_ contig_23
		Skipping redundant alignment 289858 290625 | 78177 77410 | 768 768 | 98.83 | gi_48994873_gb_U00096.2_ contig_23
		Skipping redundant alignment 3581451 3582219 | 77410 78178 | 769 769 | 100.0 | gi_48994873_gb_U00096.2_ contig_23
		Skipping redundant alignment 278386 279154 | 78178 77410 | 769 769 | 98.83 | gi_48994873_gb_U00096.2_ contig_23
		Skipping redundant alignment 1048999 1049769 | 77408 78178 | 771 771 | 98.83 | gi_48994873_gb_U00096.2_ contig_23
		This contig has several significant sets of alignments. [An ambiguously mapped contig]
		Using only the very best set (option --ambiguity-usage is set to "one").
			The best set is below. Score: 269481.5, number of alignments: 3, unaligned bases: 2179
		This contig is misassembled.
		This contig is partially unaligned. (Aligned 270109 out of 272288 non-N bases (99.20%))
			Excluding internal overlap of size 1 between Alignment 1 and 2: 1976527 1977295 | 78177 77409 | 769 769 --> 1976527 1977294 | 78177 77410 | 768 768
			Real Alignment 1: 1871055 1948478 | 77409 1 | 77424 77409 | 99.96 | gi_48994873_gb_U00096.2_ contig_23
			  Extensive misassembly (relocation, inconsistency = -106240) between these two alignments
			Real Alignment 2: 1976527 1977294 | 78177 77410 | 768 768 | 100.0 | gi_48994873_gb_U00096.2_ contig_23
			  Extensive misassembly (relocation, inconsistency = 105463) between these two alignments
			Real Alignment 3: 1679065 1871063 | 270109 78178 | 191999 191932 | 99.95 | gi_48994873_gb_U00096.2_ contig_23
		Unaligned bases: 2179

CONTIG: contig_24 (71889bp)
Best alignment score: 71836.1 (LEN: 71872, IDY: 99.95), Total number of alignments: 1
		One align captures most of this contig: 3139415 3211315 | 14 71885 | 71901 71872 | 99.95 | gi_48994873_gb_U00096.2_ contig_24

CONTIG: contig_25 (97422bp)
Best alignment score: 60208.9 (LEN: 60245, IDY: 99.94), Total number of alignments: 2
			Looking for the best set of alignments (out of 2 total alignments)
			The best set is below. Score: 97236.8, number of alignments: 2, unaligned bases: 112
		This contig is misassembled.
			Real Alignment 1: 1 60264 | 60245 1 | 60264 60245 | 99.94 | gi_48994873_gb_U00096.2_ contig_25
			  Not a misassembly [linear representation of circular genome] between these two alignments
			Real Alignment 2: 4602583 4639675 | 97310 60246 | 37093 37065 | 99.9 | gi_48994873_gb_U00096.2_ contig_25

CONTIG: contig_26 (202995bp)
Best alignment score: 202934.1 (LEN: 202995, IDY: 99.97), Total number of alignments: 1
		One align captures most of this contig: 3210614 3413656 | 202995 1 | 203043 202995 | 99.97 | gi_48994873_gb_U00096.2_ contig_26

CONTIG: contig_27 (26678bp)
Best alignment score: 26635.3 (LEN: 26678, IDY: 99.84), Total number of alignments: 1
		One align captures most of this contig: 345230 371912 | 26678 1 | 26683 26678 | 99.84 | gi_48994873_gb_U00096.2_ contig_27

CONTIG: contig_3 (314694bp)
Best alignment score: 305196.3 (LEN: 305716, IDY: 99.83), Total number of alignments: 1
			Looking for the best set of alignments (out of 1 total alignments)
			The best set is below. Score: 305196.3, number of alignments: 1, unaligned bases: 8978
		This contig is partially unaligned. (Aligned 305716 out of 314694 non-N bases (97.15%))
		Alignment: 501097 806768 | 8979 314694 | 305672 305716 | 99.83 | gi_48994873_gb_U00096.2_ contig_3
		Unaligned bases: 1 to 8978 (8978)

CONTIG: contig_4 (4476bp)
Best alignment score: 4475.1 (LEN: 4476, IDY: 99.98), Total number of alignments: 1
		One align captures most of this contig: 219151 223625 | 4476 1 | 4475 4476 | 99.98 | gi_48994873_gb_U00096.2_ contig_4

CONTIG: contig_5 (145967bp)
Best alignment score: 129344.3 (LEN: 129409, IDY: 99.95), Total number of alignments: 2
			Looking for the best set of alignments (out of 2 total alignments)
			The best set is below. Score: 145807.9, number of alignments: 2, unaligned bases: 0
		This contig is misassembled.
			Excluding internal overlap of size 488 between Alignment 1 and 2: 4293971 4311003 | 128922 145967 | 17033 17046 --> 4294457 4311003 | 129410 145967 | 16547 16558
			Real Alignment 1: 4164903 4294345 | 1 129409 | 129443 129409 | 99.95 | gi_48994873_gb_U00096.2_ contig_5
			  Gap between these two alignments (local misassembly). Inconsistency = 111
			Real Alignment 2: 4294457 4311003 | 129410 145967 | 16547 16558 | 99.72 | gi_48994873_gb_U00096.2_ contig_5

CONTIG: contig_6 (19625bp)
Best alignment score: 19541.0 (LEN: 19543, IDY: 99.99), Total number of alignments: 1
		One align captures most of this contig: 2704541 2724085 | 19543 1 | 19545 19543 | 99.99 | gi_48994873_gb_U00096.2_ contig_6

CONTIG: contig_7 (412424bp)
Best alignment score: 412134.3 (LEN: 412423, IDY: 99.93), Total number of alignments: 1
		One align captures most of this contig: 1947031 2359557 | 412423 1 | 412527 412423 | 99.93 | gi_48994873_gb_U00096.2_ contig_7

CONTIG: contig_8 (121466bp)
Best alignment score: 119752.1 (LEN: 119896, IDY: 99.88), Total number of alignments: 1
			Looking for the best set of alignments (out of 1 total alignments)
			The best set is below. Score: 119752.1, number of alignments: 1, unaligned bases: 1570
		This contig is partially unaligned. (Aligned 119896 out of 121466 non-N bases (98.71%))
		Alignment: 805286 925210 | 3 119898 | 119925 119896 | 99.88 | gi_48994873_gb_U00096.2_ contig_8
		Unaligned bases: 1 to 2 (2)
		Unaligned bases: 119899 to 121466 (1568)

CONTIG: contig_9 (527507bp)
Best alignment score: 383009.4 (LEN: 383201, IDY: 99.95), Total number of alignments: 20
			Looking for the best set of alignments (out of 20 total alignments)
			Skipping redundant alignments after choosing the best set of alignments
		Skipping redundant alignment 273179 274373 | 383202 384396 | 1195 1195 | 100.0 | gi_48994873_gb_U00096.2_ contig_9
		Skipping redundant alignment 2064180 2065377 | 383199 384396 | 1198 1198 | 99.58 | gi_48994873_gb_U00096.2_ contig_9
		Skipping redundant alignment 2099773 2100970 | 383202 384399 | 1198 1198 | 100.0 | gi_48994873_gb_U00096.2_ contig_9
		Skipping redundant alignment 3128165 3129368 | 384399 383196 | 1204 1204 | 100.0 | gi_48994873_gb_U00096.2_ contig_9
		Skipping redundant alignment 3363574 3364776 | 383198 384400 | 1203 1203 | 100.0 | gi_48994873_gb_U00096.2_ contig_9
		Skipping redundant alignment 687070 688272 | 383198 384400 | 1203 1203 | 100.0 | gi_48994873_gb_U00096.2_ contig_9
		Skipping redundant alignment 573809 575012 | 383197 384400 | 1204 1204 | 100.0 | gi_48994873_gb_U00096.2_ contig_9
		Skipping redundant alignment 3650053 3651257 | 383196 384400 | 1205 1205 | 100.0 | gi_48994873_gb_U00096.2_ contig_9
		Skipping redundant alignment 1394063 1395266 | 384401 383198 | 1204 1204 | 100.0 | gi_48994873_gb_U00096.2_ contig_9
		Skipping redundant alignment 1976527 1977294 | 493258 492492 | 768 767 | 99.87 | gi_48994873_gb_U00096.2_ contig_9
		Skipping redundant alignment 289858 290625 | 493258 492492 | 768 767 | 98.7 | gi_48994873_gb_U00096.2_ contig_9
		Skipping redundant alignment 278387 279154 | 493258 492492 | 768 767 | 98.7 | gi_48994873_gb_U00096.2_ contig_9
		Skipping redundant alignment 1049001 1049768 | 492492 493258 | 768 767 | 98.7 | gi_48994873_gb_U00096.2_ contig_9
		Skipping redundant alignment 3581450 3582218 | 492491 493258 | 769 768 | 99.87 | gi_48994873_gb_U00096.2_ contig_9
		This contig has several significant sets of alignments. [An ambiguously mapped contig]
		Using only the very best set (option --ambiguity-usage is set to "one").
			The best set is below. Score: 525207.3, number of alignments: 6, unaligned bases: 765
		This contig is misassembled.
		This contig is partially unaligned. (Aligned 526742 out of 527507 non-N bases (99.85%))
			Real Alignment 1: 1298718 1682035 | 383201 1 | 383318 383201 | 99.95 | gi_48994873_gb_U00096.2_ contig_9
			  Extensive misassembly (relocation, inconsistency = 604905) between these two alignments
			Real Alignment 2: 2286941 2288135 | 383202 384396 | 1195 1195 | 100.0 | gi_48994873_gb_U00096.2_ contig_9
			  Extensive misassembly (relocation, inconsistency = 988219) between these two alignments
			Real Alignment 3: 1278699 1298721 | 404417 384397 | 20023 20021 | 99.98 | gi_48994873_gb_U00096.2_ contig_9
			  Extensive misassembly (relocation, inconsistency = 932672) between these two alignments
			Excluding internal overlap of size 1 between Alignment 4 and 5: 19796 20564 | 493258 492491 | 769 768 --> 19796 20563 | 493258 492492 | 768 767
			Real Alignment 4: 257900 345261 | 492491 405183 | 87362 87309 | 99.92 | gi_48994873_gb_U00096.2_ contig_9
			  Extensive misassembly (relocation, inconsistency = 237336) between these two alignments
			Real Alignment 5: 19796 20563 | 493258 492492 | 768 767 | 99.87 | gi_48994873_gb_U00096.2_ contig_9
			  Extensive misassembly (relocation, inconsistency = -238112) between these two alignments
			Real Alignment 6: 223652 257907 | 527507 493259 | 34256 34249 | 99.95 | gi_48994873_gb_U00096.2_ contig_9
		Unaligned bases: 765

Analyzing coverage...
Writing SNPs into /home/vkpankov/NGS/6/quast_results/results_2020_04_07_23_32_18/contigs_reports/minimap_output/assembly.used_snps.gz

Analysis is finished!
Founded SNPs were written into /home/vkpankov/NGS/6/quast_results/results_2020_04_07_23_32_18/contigs_reports/minimap_output/assembly.used_snps.gz

Results:
	Local Misassemblies: 5
	Misassemblies: 11
		Relocations: 9
		Translocations: 0
		Inversions: 2
	Scaffold gap extensive misassemblies: 0
	Scaffold gap local misassemblies: 0
	Misassembled Contigs: 5
	Misassembled Contig Bases: 1253321
	Misassemblies Inter-Contig Overlap: 0
Unaligned Contigs: 0 + 10 part
Half Unaligned Contigs with Misassemblies: 0
Unaligned Contig Bases: 25731

Ambiguously Mapped Contigs: 7
Total Bases in Ambiguously Mapped Contigs: 1537499
Extra Bases in Ambiguously Mapped Contigs: 0
Note that --allow-ambiguity option was set to "one" and only first alignment per each of these contigs was used.

	Covered Bases: 4594488

	SNPs: 175
	Insertions: 1312
	Deletions: 2238

